<?xml version="1.0" encoding="UTF-8"?>
<testsuite name="MainTest" tests="7" skipped="0" failures="0" errors="0" timestamp="2023-06-23T17:38:09" hostname="MacBook-Pro-2.local" time="0.043">
  <properties/>
  <testcase name="with 'aba' the longest palindrome with its middle at position 0,0 is 'a'" classname="MainTest" time="0.024"/>
  <testcase name="with 'aba' the longest palindrome with its middle at position 1,1 is 'aba'" classname="MainTest" time="0.001"/>
  <testcase name="with 'xabay' the longest palindrome with its middle at position 2,2 is 'aba'" classname="MainTest" time="0.0"/>
  <testcase name="with 'xabbay' the longest palindrome with its middle at position 2,3 is 'abba'" classname="MainTest" time="0.001"/>
  <testcase name="with 'babad' longest palnddrome is bab" classname="MainTest" time="0.001"/>
  <testcase name="with 'cbbd' longest palnddrome is bb" classname="MainTest" time="0.001"/>
  <testcase name="test with large palindrome data" classname="MainTest" time="0.004"/>
  <system-out><![CDATA[]]></system-out>
  <system-err><![CDATA[]]></system-err>
</testsuite>
