<?xml version="1.0" encoding="UTF-8"?>
<testsuite name="MainTest" tests="8" skipped="0" failures="0" errors="0" timestamp="2023-06-27T18:06:02" hostname="MacBook-Pro-2.local" time="0.055">
  <properties/>
  <testcase name="Input: head = [1], n = 0 then after removeNthFromStart, Output: [1]" classname="MainTest" time="0.03"/>
  <testcase name="Input: head = [1], n = 1 then after removeNthFromStart, Output: [1]" classname="MainTest" time="0.001"/>
  <testcase name="Input: head = [1,2,3,4,5], n = 1 then after removeNthFromStart, Output: [1,3,4,5]" classname="MainTest" time="0.001"/>
  <testcase name="Input: head = [1,2,3,4,5], n = 2 then after removeNthFromStart, Output: [1,2,4,5]" classname="MainTest" time="0.001"/>
  <testcase name="Input: head = [1,2,3,4,5], size = 5" classname="MainTest" time="0.001"/>
  <testcase name="Input: head = [1], n = 1 then after removeNthFromEnd, Output: []" classname="MainTest" time="0.001"/>
  <testcase name="Input: head = [1,2], n = 1 then after removeNthFromEnd, Output: [1]" classname="MainTest" time="0.001"/>
  <testcase name="Input: head = [1,2,3,4,5], n = 2 then after removeNthFromEnd, Output: [1,2,3,5]" classname="MainTest" time="0.001"/>
  <system-out><![CDATA[]]></system-out>
  <system-err><![CDATA[]]></system-err>
</testsuite>
