<?xml version="1.0" encoding="UTF-8"?>
<testsuite name="MainTest" tests="3" skipped="0" failures="0" errors="0" timestamp="2023-06-20T18:24:08" hostname="MacBook-Pro-2.local" time="0.033">
  <properties/>
  <testcase name="With Input: l1 = [2,4,3], l2 = [5,6,4], Output: [7,0,8]" classname="MainTest" time="0.027"/>
  <testcase name="With Input: l1 = [0], l2 = [0], Output: [0]" classname="MainTest" time="0.001"/>
  <testcase name="With Input: l1 = [9,9,9,9,9,9,9], l2 = [9,9,9,9] Output: [8,9,9,9,0,0,0,1]" classname="MainTest" time="0.001"/>
  <system-out><![CDATA[]]></system-out>
  <system-err><![CDATA[]]></system-err>
</testsuite>
