<?xml version="1.0" encoding="UTF-8"?>
<testsuite name="MainTest" tests="9" skipped="0" failures="0" errors="0" timestamp="2023-06-23T14:10:34" hostname="MacBook-Pro-2.local" time="8.51">
  <properties/>
  <testcase name="characters to search in string abcde with range 1-3 are bc" classname="MainTest" time="0.033"/>
  <testcase name="abcdecd with range 1-5 contains a duplicate" classname="MainTest" time="0.002"/>
  <testcase name="index of duplicate in string abcdecd with range 1-5 is 1 which is position 1 after the start" classname="MainTest" time="0.003"/>
  <testcase name="When Input: s = a length of longest substring is 1" classname="MainTest" time="0.005"/>
  <testcase name="When Input: s = abcabcbb length of longest substring is 3" classname="MainTest" time="8.425"/>
  <testcase name="When Input: s = bbbbb length of longest substring is 1" classname="MainTest" time="0.001"/>
  <testcase name="When Input: s = pwwkew length of longest substring is 3" classname="MainTest" time="0.002"/>
  <testcase name="When Input: s = abcdefaghib length of longest substring is 9" classname="MainTest" time="0.001"/>
  <testcase name="This tests a string containing approx 1000 words as a performance test" classname="MainTest" time="0.008"/>
  <system-out><![CDATA[]]></system-out>
  <system-err><![CDATA[]]></system-err>
</testsuite>
