<?xml version="1.0" encoding="UTF-8"?>
<testsuite name="MainTest" tests="9" skipped="0" failures="0" errors="0" timestamp="2023-06-22T19:05:10" hostname="MacBook-Pro-2.local" time="0.063">
  <properties/>
  <testcase name="characters to search in string abcde with range 1-3 are bc" classname="MainTest" time="0.022"/>
  <testcase name="characters to find in string abcde with range 1-3 is d" classname="MainTest" time="0.02"/>
  <testcase name="abcdecd with range 1-5 contains a duplicate" classname="MainTest" time="0.001"/>
  <testcase name="index of duplicate in string abcdecd with range 1-5 is 1 which is position 1 after the start" classname="MainTest" time="0.001"/>
  <testcase name="When Input: s = a length of longest substring is 1" classname="MainTest" time="0.001"/>
  <testcase name="When Input: s = abcabcbb length of longest substring is 3" classname="MainTest" time="0.001"/>
  <testcase name="When Input: s = bbbbb length of longest substring is 1" classname="MainTest" time="0.0"/>
  <testcase name="When Input: s = pwwkew length of longest substring is 3" classname="MainTest" time="0.0"/>
  <testcase name="When Input: s = abcdefaghib length of longest substring is 9" classname="MainTest" time="0.001"/>
  <system-out><![CDATA[]]></system-out>
  <system-err><![CDATA[]]></system-err>
</testsuite>
