<?xml version="1.0" encoding="UTF-8"?>
<testsuite name="MainTest" tests="8" skipped="0" failures="0" errors="0" timestamp="2023-06-22T13:50:33" hostname="MacBook-Pro-2.local" time="0.047">
  <properties/>
  <testcase name="when next char is x and ScanStatus is (length=0, current=empty) the new ScanStatus ia (length=1,current='x')" classname="MainTest" time="0.028"/>
  <testcase name="when next char is x and ScanStatus is (length=3, current='w') the new ScanStatus is (length=3,current='wx')" classname="MainTest" time="0.001"/>
  <testcase name="when next char is x and ScanStatus is (length=3, current='stw') the new ScanStatus is (length=4,current='stwx')" classname="MainTest" time="0.001"/>
  <testcase name="when next char is x and status is ScanStatus(length=3, current='stx') new ScanStatus is (length=3,current='x')" classname="MainTest" time="0.001"/>
  <testcase name="when next char is x and status is ScanStatus(length=3, current='xts') new ScanStatus is (length=3,current='x')" classname="MainTest" time="0.0"/>
  <testcase name="When Input: s = abcabcbb length of longest substring is 3" classname="MainTest" time="0.001"/>
  <testcase name="When Input: s = bbbbb length of longest substring is 1" classname="MainTest" time="0.0"/>
  <testcase name="When Input: s = pwwkew length of longest substring is 3" classname="MainTest" time="0.001"/>
  <system-out><![CDATA[]]></system-out>
  <system-err><![CDATA[]]></system-err>
</testsuite>
