<?xml version="1.0" encoding="UTF-8"?>
<testsuite name="MainTest" tests="7" skipped="0" failures="0" errors="0" timestamp="2023-06-30T18:20:58" hostname="MacBook-Pro-2.local" time="0.04">
  <properties/>
  <testcase name="searching [1,2,3,4] with target 2 gives indices [1]" classname="MainTest" time="0.024"/>
  <testcase name="searching [1,2,2,4] with target 2 gives indices [1,2]" classname="MainTest" time="0.001"/>
  <testcase name="searching [2,2,3,4] with target 2 gives indices [0,1]" classname="MainTest" time="0.0"/>
  <testcase name="searching [1,1,2,2] with target 2 gives indices [2,3]" classname="MainTest" time="0.001"/>
  <testcase name="searching [] with target 0 gives indices [-1,-1]" classname="MainTest" time="0.001"/>
  <testcase name="searching [5,7,7,8,8,10] with target 6 gives indices [-1,-1]" classname="MainTest" time="0.001"/>
  <testcase name="searching [5,7,7,8,8,10] with target 8 gives indices [3,4]" classname="MainTest" time="0.001"/>
  <system-out><![CDATA[]]></system-out>
  <system-err><![CDATA[]]></system-err>
</testsuite>
