<?xml version="1.0" encoding="UTF-8"?>
<testsuite name="MainTest" tests="3" skipped="0" failures="0" errors="0" timestamp="2023-06-20T16:15:23" hostname="MacBook-Pro-2.local" time="0.032">
  <properties/>
  <testcase name="When input is [2,7,11,15], target = 9 then output should be [0,1]" classname="MainTest" time="0.026"/>
  <testcase name="When input is [3,2,4], target = 6 then output should be [1,2]" classname="MainTest" time="0.0"/>
  <testcase name="When input is [3,3], target = 6 then output should be [0,1]" classname="MainTest" time="0.001"/>
  <system-out><![CDATA[]]></system-out>
  <system-err><![CDATA[]]></system-err>
</testsuite>
