<?xml version="1.0" encoding="UTF-8"?>
<testsuite name="MainTest" tests="5" skipped="0" failures="0" errors="0" timestamp="2023-07-08T18:25:16" hostname="MacBook-Pro-2.local" time="0.056">
  <properties/>
  <testcase name="[] gives [[]]" classname="MainTest" time="0.025"/>
  <testcase name="[1] gives [[1]]" classname="MainTest" time="0.001"/>
  <testcase name="[0,1] gives [[0,1],[1,0]]" classname="MainTest" time="0.001"/>
  <testcase name="[1,2,3] gives [[1,2,3],[1,3,2],[2,1,3],[2,3,1],[3,1,2],[3,2,1]]" classname="MainTest" time="0.001"/>
  <testcase name="performance test [1,2,3,4,5,6,7]" classname="MainTest" time="0.019"/>
  <system-out><![CDATA[]]></system-out>
  <system-err><![CDATA[]]></system-err>
</testsuite>
